
Showing logs for build [32mcb-kubecd-bdd-gh-1584596262-pr-v7c7c-1[0m stage [32mfrom-build-pack[0m and container [32mstep-credential-initializer-9lb4s[0m
{"level":"warn","ts":1584597989.4423442,"logger":"fallback-logger","caller":"logging/config.go:69","msg":"Fetch GitHub commit ID from kodata failed: \"ref: refs/heads/0.8.0-**-support-backwards-incompats\" is not a valid GitHub commit ID"}
{"level":"info","ts":1584597989.4434593,"logger":"fallback-logger","caller":"creds-init/main.go:40","msg":"Credentials initialized."}

Showing logs for build [32mcb-kubecd-bdd-gh-1584596262-pr-v7c7c-1[0m stage [32mfrom-build-pack[0m and container [32mstep-working-dir-initializer-4lffw[0m
{"level":"warn","ts":1584597990.05903,"logger":"fallback-logger","caller":"logging/config.go:69","msg":"Fetch GitHub commit ID from kodata failed: open /var/run/ko/HEAD: no such file or directory"}
{"level":"info","ts":1584597990.0604675,"logger":"fallback-logger","caller":"bash/main.go:64","msg":"Successfully executed command \"sh -c mkdir -p /workspace/source\"; output "}

Showing logs for build [32mcb-kubecd-bdd-gh-1584596262-pr-v7c7c-1[0m stage [32mfrom-build-pack[0m and container [32mstep-place-tools[0m

Showing logs for build [32mcb-kubecd-bdd-gh-1584596262-pr-v7c7c-1[0m stage [32mfrom-build-pack[0m and container [32mstep-git-source-cb-kubecd-bdd-gh-1584596262-pr-v7c7c-5m7hw[0m
{"level":"warn","ts":1584597996.364233,"logger":"fallback-logger","caller":"logging/config.go:69","msg":"Fetch GitHub commit ID from kodata failed: \"ref: refs/heads/0.8.0-**-support-backwards-incompats\" is not a valid GitHub commit ID"}
{"level":"info","ts":1584597997.4503293,"logger":"fallback-logger","caller":"git/git.go:103","msg":"Successfully cloned https://github.com/cb-kubecd/bdd-gh-1584596262.git @ master in path /workspace/source"}

Showing logs for build [32mcb-kubecd-bdd-gh-1584596262-pr-v7c7c-1[0m stage [32mfrom-build-pack[0m and container [32mstep-git-merge[0m
Using SHAs from PULL_REFS=master:a8132e26281eadc8e885a2f25f25d31b60e9452f,1:844308afa4ca2a1fc80aecda5c7d3df7386b1d0a
DEBUG: LC_ALL=C JX_LOG_LEVEL=error git fetch origin --unshallow 844308afa4ca2a1fc80aecda5c7d3df7386b1d0a: a8132e26281eadc8e885a2f25f25d31b60e9452f:
DEBUG: ran git fetch --unshallow origin 844308afa4ca2a1fc80aecda5c7d3df7386b1d0a: a8132e26281eadc8e885a2f25f25d31b60e9452f: in 
DEBUG: JX_LOG_LEVEL=error LC_ALL=C git branch
DEBUG: LC_ALL=C JX_LOG_LEVEL=error git checkout master
DEBUG: ran git checkout master in 
DEBUG: LC_ALL=C JX_LOG_LEVEL=error git reset --hard a8132e26281eadc8e885a2f25f25d31b60e9452f
DEBUG: ran git reset --hard a8132e26281eadc8e885a2f25f25d31b60e9452f in 
DEBUG: LC_ALL=C JX_LOG_LEVEL=error git clean -fd .
DEBUG: ran clean --force -d . in 
DEBUG: LC_ALL=C JX_LOG_LEVEL=error git merge 844308afa4ca2a1fc80aecda5c7d3df7386b1d0a
DEBUG: ran git merge 844308afa4ca2a1fc80aecda5c7d3df7386b1d0a in 
DEBUG: LC_ALL=C JX_LOG_LEVEL=error git log --format=%H%x1f%an%x1f%ae%x1f%cn%x1f%ce%x1f%s%n%b%x1e a8132e26281eadc8e885a2f25f25d31b60e9452f..HEAD
Merged SHA 844308afa4ca2a1fc80aecda5c7d3df7386b1d0a with commit message 'My first PR commit' into base branch master

Showing logs for build [32mcb-kubecd-bdd-gh-1584596262-pr-v7c7c-1[0m stage [32mfrom-build-pack[0m and container [32mstep-build-make-linux[0m
CGO_ENABLED=0 GOOS=linux GOARCH=amd64 GO15VENDOREXPERIMENT=1 go build -ldflags '' -o bin/bdd-gh-1584596262 main.go

Showing logs for build [32mcb-kubecd-bdd-gh-1584596262-pr-v7c7c-1[0m stage [32mfrom-build-pack[0m and container [32mstep-build-container-build[0m
[36mINFO[0m[0000] No base image, nothing to extract            
[36mINFO[0m[0000] cmd: EXPOSE                                  
[36mINFO[0m[0000] Adding exposed port: 8080/tcp                
[36mINFO[0m[0000] Using files from context: [/workspace/source/bin] 
[36mINFO[0m[0000] Skipping unpacking as no commands require it. 
[36mINFO[0m[0000] Taking snapshot of full filesystem...        
[36mINFO[0m[0000] EXPOSE 8080                                  
[36mINFO[0m[0000] cmd: EXPOSE                                  
[36mINFO[0m[0000] Adding exposed port: 8080/tcp                
[36mINFO[0m[0000] No files changed in this command, skipping snapshotting. 
[36mINFO[0m[0000] ENTRYPOINT ["/bdd-gh-1584596262"]            
[36mINFO[0m[0000] No files changed in this command, skipping snapshotting. 
[36mINFO[0m[0000] Using files from context: [/workspace/source/bin] 
[36mINFO[0m[0000] COPY ./bin/ /                                
[36mINFO[0m[0000] Taking snapshot of files...                  
2020/03/19 06:06:54 pushed blob: sha256:ba15206f3987577bdc90cfabfb3b08a6a001d567753aace070b92d0a8b1e0ee6
2020/03/19 06:06:54 pushed blob: sha256:59c58bfa2975a676159e410878ac5991373420273c13611052f84dbaa0d5b2b1
2020/03/19 06:06:56 gcr.io/jenkins-x-bdd3/bdd-gh-1584596262:0.0.0-SNAPSHOT-PR-1-1: digest: sha256:bd3925d28aeb44c9d2a952d983f5326406c67ace20e723b4225267499b927527 size: 428

Showing logs for build [32mcb-kubecd-bdd-gh-1584596262-pr-v7c7c-1[0m stage [32mfrom-build-pack[0m and container [32mstep-postbuild-post-build[0m
no CVE provider running in the current ** namespace so skip adding image to be analysed

Showing logs for build [32mcb-kubecd-bdd-gh-1584596262-pr-v7c7c-1[0m stage [32mfrom-build-pack[0m and container [32mstep-promote-make-preview[0m
sed -i -e "s/version:.*/version: 0.0.0-SNAPSHOT-PR-1-1/" Chart.yaml
sed -i -e "s/version:.*/version: 0.0.0-SNAPSHOT-PR-1-1/" ../*/Chart.yaml
sed -i -e "s|repository:.*|repository: gcr.io\/jenkins-x-bdd3\/bdd-gh-1584596262|" values.yaml
sed -i -e "s/tag:.*/tag: 0.0.0-SNAPSHOT-PR-1-1/" values.yaml
echo "  version: 0.0.0-SNAPSHOT-PR-1-1" >> requirements.yaml
** step helm build
WARNING: No $CHART_REPOSITORY defined so using the default value of: http://jenkins-x-chartmuseum:8080
Adding missing Helm repo: storage.googleapis.com https://storage.googleapis.com/chartmuseum.jenkins-x.io
WARNING: No secrets found on "helm/repos" due: reading the secret "helm/repos" from vault: no secret "helm/repos" not found in vault
Read credentials for https://storage.googleapis.com/chartmuseum.jenkins-x.io from vault helm/repos
Successfully added Helm repository storage.googleapis.com.
Adding missing Helm repo: jenkins-x-chartmuseum http://jenkins-x-chartmuseum:8080
WARNING: No secrets found on "helm/repos" due: reading the secret "helm/repos" from vault: no secret "helm/repos" not found in vault
Read credentials for http://jenkins-x-chartmuseum:8080 from vault helm/repos
Successfully added Helm repository jenkins-x-chartmuseum.
WARNING: No $CHART_REPOSITORY defined so using the default value of: http://jenkins-x-chartmuseum:8080
Adding missing Helm repo: chartmuseum.jenkins-x.io http://chartmuseum.jenkins-x.io
WARNING: No secrets found on "helm/repos" due: reading the secret "helm/repos" from vault: no secret "helm/repos" not found in vault
Read credentials for http://chartmuseum.jenkins-x.io from vault helm/repos
Successfully added Helm repository chartmuseum.jenkins-x.io.

Showing logs for build [32mcb-kubecd-bdd-gh-1584596262-pr-v7c7c-1[0m stage [32mfrom-build-pack[0m and container [32mstep-promote-jx-preview[0m
Creating a preview
Created environment cb-kubecd-bdd-gh-1584596262-pr-1
Namespace **-cb-kubecd-bdd-gh-1584596262-pr-1 created 
expose:
  Annotations:
    helm.sh/hook: post-install,post-upgrade
    helm.sh/hook-delete-policy: hook-succeeded
  config:
    domain: 35.205.210.236.nip.io
    exposer: Ingress
    http: "true"
preview:
  image:
    repository: gcr.io/jenkins-x-bdd3/bdd-gh-1584596262
    tag: 0.0.0-SNAPSHOT-PR-1-1

Updating PipelineActivities cb-kubecd-bdd-gh-1584596262-pr-1-1 which has status Running
Preview application is now available at: http://bdd-gh-1584596262.**-cb-kubecd-bdd-gh-1584596262-pr-1.35.205.210.236.nip.io
